# P8 EX Thresholds
P8EX_L2_CACHE_CES 1
P8EX_L2_DIR_CES   1
P8EX_L3_CACHE_CES 255
P8EX_L3_DIR_CES   1
P8EX_L2_LINE_DELETES 6
P8EX_L3_LINE_DELETES 6
P8EX_L2_COL_REPAIRS  7
P8EX_L3_COL_REPAIRS  7
P8EX_MFG_L2_LINE_DELETES 0
P8EX_MFG_L3_LINE_DELETES 0
P8EX_MFG_L2_COL_REPAIRS  0
P8EX_MFG_L3_COL_REPAIRS  0

# P8 Chip Thresholds
P8CHIP_ONNODE_BUS_CES   1
P8CHIP_OFFNODE_BUS_CES  1

# P8 Centaur Mba thresholds
CEN_MBA_RT_SOFT_CE_TH_ALGO         2
CEN_MBA_IPL_SOFT_CE_TH_ALGO        2
CEN_MBA_RT_RCE_PER_RANK            2
